<?xml version="1.0" encoding="UTF-8"?>
<coverage generated="1741545232348" clover="3.2.0">
  <project timestamp="1741545232348" name="All files">
    <metrics statements="55" coveredstatements="54" conditionals="34" coveredconditionals="31" methods="14" coveredmethods="13" elements="103" coveredelements="98" complexity="0" loc="55" ncloc="55" packages="1" files="1" classes="1"/>
    <file name="CartPage.js" path="/Users/anjali/Documents/NUS/YEAR 4/sem2/cs4218/cs4218-2420-ecom-project-team50/client/src/pages/CartPage.js">
      <metrics statements="55" coveredstatements="54" conditionals="34" coveredconditionals="31" methods="14" coveredmethods="13"/>
      <line num="12" count="1" type="stmt"/>
      <line num="13" count="64" type="stmt"/>
      <line num="14" count="64" type="stmt"/>
      <line num="15" count="64" type="stmt"/>
      <line num="16" count="63" type="stmt"/>
      <line num="17" count="63" type="stmt"/>
      <line num="18" count="63" type="stmt"/>
      <line num="20" count="63" type="stmt"/>
      <line num="21" count="63" type="stmt"/>
      <line num="22" count="63" type="stmt"/>
      <line num="23" count="63" type="stmt"/>
      <line num="24" count="55" type="cond" truecount="4" falsecount="0"/>
      <line num="25" count="43" type="stmt"/>
      <line num="27" count="12" type="stmt"/>
      <line num="29" count="20" type="stmt"/>
      <line num="34" count="43" type="stmt"/>
      <line num="35" count="43" type="stmt"/>
      <line num="39" count="63" type="stmt"/>
      <line num="40" count="2" type="stmt"/>
      <line num="41" count="2" type="stmt"/>
      <line num="42" count="2" type="stmt"/>
      <line num="43" count="2" type="stmt"/>
      <line num="44" count="2" type="stmt"/>
      <line num="45" count="1" type="stmt"/>
      <line num="47" count="1" type="stmt"/>
      <line num="51" count="63" type="stmt"/>
      <line num="52" count="15" type="stmt"/>
      <line num="53" count="15" type="stmt"/>
      <line num="54" count="14" type="stmt"/>
      <line num="56" count="1" type="stmt"/>
      <line num="60" count="63" type="stmt"/>
      <line num="61" count="15" type="stmt"/>
      <line num="64" count="63" type="stmt"/>
      <line num="65" count="4" type="stmt"/>
      <line num="66" count="4" type="stmt"/>
      <line num="67" count="4" type="stmt"/>
      <line num="68" count="2" type="stmt"/>
      <line num="73" count="2" type="cond" truecount="2" falsecount="0"/>
      <line num="74" count="1" type="stmt"/>
      <line num="75" count="1" type="cond" truecount="1" falsecount="1"/>
      <line num="76" count="1" type="stmt"/>
      <line num="79" count="1" type="stmt"/>
      <line num="80" count="1" type="stmt"/>
      <line num="81" count="1" type="stmt"/>
      <line num="82" count="1" type="stmt"/>
      <line num="83" count="1" type="stmt"/>
      <line num="85" count="1" type="stmt"/>
      <line num="86" count="1" type="stmt"/>
      <line num="90" count="63" type="stmt"/>
      <line num="113" count="55" type="stmt"/>
      <line num="131" count="2" type="stmt"/>
      <line num="151" count="0" type="stmt"/>
      <line num="162" count="1" type="stmt"/>
      <line num="170" count="1" type="stmt"/>
      <line num="192" count="27" type="stmt"/>
    </file>
  </project>
</coverage>
