{"/Users/anjali/Documents/NUS/YEAR 4/sem2/cs4218/cs4218-2420-ecom-project-team50/client/src/pages/Auth/Login.js": {"path":"/Users/anjali/Documents/NUS/YEAR 4/sem2/cs4218/cs4218-2420-ecom-project-team50/client/src/pages/Auth/Login.js","statementMap":{"0":{"start":{"line":9,"column":14},"end":{"line":99,"column":1}},"1":{"start":{"line":10,"column":28},"end":{"line":10,"column":40}},"2":{"start":{"line":11,"column":34},"end":{"line":11,"column":46}},"3":{"start":{"line":12,"column":26},"end":{"line":12,"column":35}},"4":{"start":{"line":15,"column":19},"end":{"line":15,"column":32}},"5":{"start":{"line":16,"column":19},"end":{"line":16,"column":32}},"6":{"start":{"line":20,"column":23},"end":{"line":50,"column":3}},"7":{"start":{"line":21,"column":4},"end":{"line":21,"column":23}},"8":{"start":{"line":22,"column":4},"end":{"line":49,"column":5}},"9":{"start":{"line":23,"column":18},"end":{"line":26,"column":8}},"10":{"start":{"line":27,"column":6},"end":{"line":45,"column":7}},"11":{"start":{"line":28,"column":8},"end":{"line":35,"column":13}},"12":{"start":{"line":36,"column":8},"end":{"line":40,"column":11}},"13":{"start":{"line":41,"column":8},"end":{"line":41,"column":63}},"14":{"start":{"line":42,"column":8},"end":{"line":42,"column":40}},"15":{"start":{"line":44,"column":8},"end":{"line":44,"column":38}},"16":{"start":{"line":47,"column":6},"end":{"line":47,"column":25}},"17":{"start":{"line":48,"column":6},"end":{"line":48,"column":42}},"18":{"start":{"line":51,"column":2},"end":{"line":98,"column":4}},"19":{"start":{"line":62,"column":31},"end":{"line":62,"column":55}},"20":{"start":{"line":73,"column":31},"end":{"line":73,"column":58}},"21":{"start":{"line":85,"column":16},"end":{"line":85,"column":45}}},"fnMap":{"0":{"name":"(anonymous_0)","decl":{"start":{"line":9,"column":14},"end":{"line":9,"column":15}},"loc":{"start":{"line":9,"column":20},"end":{"line":99,"column":1}},"line":9},"1":{"name":"(anonymous_1)","decl":{"start":{"line":20,"column":23},"end":{"line":20,"column":24}},"loc":{"start":{"line":20,"column":36},"end":{"line":50,"column":3}},"line":20},"2":{"name":"(anonymous_2)","decl":{"start":{"line":62,"column":24},"end":{"line":62,"column":25}},"loc":{"start":{"line":62,"column":31},"end":{"line":62,"column":55}},"line":62},"3":{"name":"(anonymous_3)","decl":{"start":{"line":73,"column":24},"end":{"line":73,"column":25}},"loc":{"start":{"line":73,"column":31},"end":{"line":73,"column":58}},"line":73},"4":{"name":"(anonymous_4)","decl":{"start":{"line":84,"column":23},"end":{"line":84,"column":24}},"loc":{"start":{"line":84,"column":29},"end":{"line":86,"column":15}},"line":84}},"branchMap":{"0":{"loc":{"start":{"line":27,"column":6},"end":{"line":45,"column":7}},"type":"if","locations":[{"start":{"line":27,"column":6},"end":{"line":45,"column":7}},{"start":{"line":43,"column":13},"end":{"line":45,"column":7}}],"line":27},"1":{"loc":{"start":{"line":27,"column":10},"end":{"line":27,"column":33}},"type":"binary-expr","locations":[{"start":{"line":27,"column":10},"end":{"line":27,"column":13}},{"start":{"line":27,"column":17},"end":{"line":27,"column":33}}],"line":27},"2":{"loc":{"start":{"line":28,"column":22},"end":{"line":28,"column":50}},"type":"binary-expr","locations":[{"start":{"line":28,"column":22},"end":{"line":28,"column":30}},{"start":{"line":28,"column":34},"end":{"line":28,"column":50}}],"line":28},"3":{"loc":{"start":{"line":42,"column":17},"end":{"line":42,"column":38}},"type":"binary-expr","locations":[{"start":{"line":42,"column":17},"end":{"line":42,"column":31}},{"start":{"line":42,"column":35},"end":{"line":42,"column":38}}],"line":42}},"s":{"0":1,"1":11,"2":11,"3":11,"4":11,"5":11,"6":11,"7":2,"8":2,"9":2,"10":1,"11":1,"12":1,"13":1,"14":1,"15":0,"16":1,"17":1,"18":11,"19":3,"20":3,"21":0},"f":{"0":11,"1":2,"2":3,"3":3,"4":0},"b":{"0":[1,0],"1":[1,1],"2":[1,1],"3":[1,1]},"_coverageSchema":"1a1c01bbd47fc00a2c39e90264f33305004495a9","hash":"1fa6aec2b031a9a2fef1fca2fd56c9eac7db60fd"}
,"/Users/anjali/Documents/NUS/YEAR 4/sem2/cs4218/cs4218-2420-ecom-project-team50/client/src/pages/Auth/Register.js": {"path":"/Users/anjali/Documents/NUS/YEAR 4/sem2/cs4218/cs4218-2420-ecom-project-team50/client/src/pages/Auth/Register.js","statementMap":{"0":{"start":{"line":7,"column":17},"end":{"line":132,"column":1}},"1":{"start":{"line":8,"column":26},"end":{"line":8,"column":38}},"2":{"start":{"line":9,"column":28},"end":{"line":9,"column":40}},"3":{"start":{"line":10,"column":34},"end":{"line":10,"column":46}},"4":{"start":{"line":11,"column":28},"end":{"line":11,"column":40}},"5":{"start":{"line":12,"column":32},"end":{"line":12,"column":44}},"6":{"start":{"line":13,"column":24},"end":{"line":13,"column":36}},"7":{"start":{"line":14,"column":30},"end":{"line":14,"column":42}},"8":{"start":{"line":15,"column":19},"end":{"line":15,"column":32}},"9":{"start":{"line":18,"column":23},"end":{"line":40,"column":3}},"10":{"start":{"line":19,"column":4},"end":{"line":19,"column":23}},"11":{"start":{"line":20,"column":4},"end":{"line":39,"column":5}},"12":{"start":{"line":21,"column":18},"end":{"line":29,"column":8}},"13":{"start":{"line":30,"column":6},"end":{"line":35,"column":7}},"14":{"start":{"line":31,"column":8},"end":{"line":31,"column":61}},"15":{"start":{"line":32,"column":8},"end":{"line":32,"column":27}},"16":{"start":{"line":34,"column":8},"end":{"line":34,"column":38}},"17":{"start":{"line":37,"column":6},"end":{"line":37,"column":25}},"18":{"start":{"line":38,"column":6},"end":{"line":38,"column":42}},"19":{"start":{"line":42,"column":2},"end":{"line":131,"column":4}},"20":{"start":{"line":51,"column":31},"end":{"line":51,"column":54}},"21":{"start":{"line":63,"column":31},"end":{"line":63,"column":55}},"22":{"start":{"line":74,"column":31},"end":{"line":74,"column":58}},"23":{"start":{"line":85,"column":31},"end":{"line":85,"column":55}},"24":{"start":{"line":96,"column":31},"end":{"line":96,"column":57}},"25":{"start":{"line":107,"column":31},"end":{"line":107,"column":53}},"26":{"start":{"line":118,"column":31},"end":{"line":118,"column":56}}},"fnMap":{"0":{"name":"(anonymous_0)","decl":{"start":{"line":7,"column":17},"end":{"line":7,"column":18}},"loc":{"start":{"line":7,"column":23},"end":{"line":132,"column":1}},"line":7},"1":{"name":"(anonymous_1)","decl":{"start":{"line":18,"column":23},"end":{"line":18,"column":24}},"loc":{"start":{"line":18,"column":36},"end":{"line":40,"column":3}},"line":18},"2":{"name":"(anonymous_2)","decl":{"start":{"line":51,"column":24},"end":{"line":51,"column":25}},"loc":{"start":{"line":51,"column":31},"end":{"line":51,"column":54}},"line":51},"3":{"name":"(anonymous_3)","decl":{"start":{"line":63,"column":24},"end":{"line":63,"column":25}},"loc":{"start":{"line":63,"column":31},"end":{"line":63,"column":55}},"line":63},"4":{"name":"(anonymous_4)","decl":{"start":{"line":74,"column":24},"end":{"line":74,"column":25}},"loc":{"start":{"line":74,"column":31},"end":{"line":74,"column":58}},"line":74},"5":{"name":"(anonymous_5)","decl":{"start":{"line":85,"column":24},"end":{"line":85,"column":25}},"loc":{"start":{"line":85,"column":31},"end":{"line":85,"column":55}},"line":85},"6":{"name":"(anonymous_6)","decl":{"start":{"line":96,"column":24},"end":{"line":96,"column":25}},"loc":{"start":{"line":96,"column":31},"end":{"line":96,"column":57}},"line":96},"7":{"name":"(anonymous_7)","decl":{"start":{"line":107,"column":24},"end":{"line":107,"column":25}},"loc":{"start":{"line":107,"column":31},"end":{"line":107,"column":53}},"line":107},"8":{"name":"(anonymous_8)","decl":{"start":{"line":118,"column":24},"end":{"line":118,"column":25}},"loc":{"start":{"line":118,"column":31},"end":{"line":118,"column":56}},"line":118}},"branchMap":{"0":{"loc":{"start":{"line":30,"column":6},"end":{"line":35,"column":7}},"type":"if","locations":[{"start":{"line":30,"column":6},"end":{"line":35,"column":7}},{"start":{"line":33,"column":13},"end":{"line":35,"column":7}}],"line":30},"1":{"loc":{"start":{"line":30,"column":10},"end":{"line":30,"column":33}},"type":"binary-expr","locations":[{"start":{"line":30,"column":10},"end":{"line":30,"column":13}},{"start":{"line":30,"column":17},"end":{"line":30,"column":33}}],"line":30}},"s":{"0":1,"1":16,"2":16,"3":16,"4":16,"5":16,"6":16,"7":16,"8":16,"9":16,"10":2,"11":2,"12":2,"13":1,"14":1,"15":1,"16":0,"17":1,"18":1,"19":16,"20":2,"21":2,"22":2,"23":2,"24":2,"25":2,"26":2},"f":{"0":16,"1":2,"2":2,"3":2,"4":2,"5":2,"6":2,"7":2,"8":2},"b":{"0":[1,0],"1":[1,1]},"_coverageSchema":"1a1c01bbd47fc00a2c39e90264f33305004495a9","hash":"2e6b2fa98790d5673c8415407ca1a482c4af6cde"}
,"/Users/anjali/Documents/NUS/YEAR 4/sem2/cs4218/cs4218-2420-ecom-project-team50/client/src/pages/user/Profile.js": {"path":"/Users/anjali/Documents/NUS/YEAR 4/sem2/cs4218/cs4218-2420-ecom-project-team50/client/src/pages/user/Profile.js","statementMap":{"0":{"start":{"line":8,"column":16},"end":{"line":193,"column":1}},"1":{"start":{"line":9,"column":26},"end":{"line":9,"column":35}},"2":{"start":{"line":10,"column":26},"end":{"line":10,"column":38}},"3":{"start":{"line":11,"column":28},"end":{"line":11,"column":40}},"4":{"start":{"line":12,"column":34},"end":{"line":12,"column":46}},"5":{"start":{"line":13,"column":28},"end":{"line":13,"column":40}},"6":{"start":{"line":14,"column":32},"end":{"line":14,"column":44}},"7":{"start":{"line":15,"column":32},"end":{"line":15,"column":47}},"8":{"start":{"line":16,"column":38},"end":{"line":16,"column":50}},"9":{"start":{"line":18,"column":2},"end":{"line":24,"column":19}},"10":{"start":{"line":19,"column":44},"end":{"line":19,"column":60}},"11":{"start":{"line":20,"column":4},"end":{"line":20,"column":24}},"12":{"start":{"line":21,"column":4},"end":{"line":21,"column":26}},"13":{"start":{"line":22,"column":4},"end":{"line":22,"column":26}},"14":{"start":{"line":23,"column":4},"end":{"line":23,"column":30}},"15":{"start":{"line":26,"column":21},"end":{"line":34,"column":3}},"16":{"start":{"line":27,"column":71},"end":{"line":27,"column":87}},"17":{"start":{"line":28,"column":4},"end":{"line":33,"column":6}},"18":{"start":{"line":36,"column":25},"end":{"line":38,"column":3}},"19":{"start":{"line":37,"column":4},"end":{"line":37,"column":39}},"20":{"start":{"line":40,"column":28},"end":{"line":54,"column":3}},"21":{"start":{"line":41,"column":18},"end":{"line":41,"column":32}},"22":{"start":{"line":43,"column":4},"end":{"line":43,"column":22}},"23":{"start":{"line":45,"column":4},"end":{"line":53,"column":5}},"24":{"start":{"line":46,"column":6},"end":{"line":50,"column":7}},"25":{"start":{"line":47,"column":8},"end":{"line":47,"column":24}},"26":{"start":{"line":49,"column":8},"end":{"line":49,"column":62}},"27":{"start":{"line":52,"column":6},"end":{"line":52,"column":60}},"28":{"start":{"line":56,"column":23},"end":{"line":105,"column":3}},"29":{"start":{"line":57,"column":4},"end":{"line":57,"column":23}},"30":{"start":{"line":59,"column":4},"end":{"line":66,"column":5}},"31":{"start":{"line":60,"column":6},"end":{"line":60,"column":53}},"32":{"start":{"line":61,"column":73},"end":{"line":61,"column":89}},"33":{"start":{"line":62,"column":6},"end":{"line":62,"column":41}},"34":{"start":{"line":62,"column":17},"end":{"line":62,"column":41}},"35":{"start":{"line":63,"column":6},"end":{"line":63,"column":44}},"36":{"start":{"line":63,"column":18},"end":{"line":63,"column":44}},"37":{"start":{"line":64,"column":6},"end":{"line":64,"column":50}},"38":{"start":{"line":64,"column":20},"end":{"line":64,"column":50}},"39":{"start":{"line":65,"column":6},"end":{"line":65,"column":13}},"40":{"start":{"line":68,"column":4},"end":{"line":71,"column":5}},"41":{"start":{"line":69,"column":6},"end":{"line":69,"column":39}},"42":{"start":{"line":70,"column":6},"end":{"line":70,"column":13}},"43":{"start":{"line":73,"column":4},"end":{"line":73,"column":21}},"44":{"start":{"line":74,"column":4},"end":{"line":104,"column":5}},"45":{"start":{"line":75,"column":23},"end":{"line":81,"column":8}},"46":{"start":{"line":83,"column":6},"end":{"line":98,"column":7}},"47":{"start":{"line":84,"column":8},"end":{"line":84,"column":33}},"48":{"start":{"line":86,"column":8},"end":{"line":86,"column":54}},"49":{"start":{"line":87,"column":8},"end":{"line":97,"column":9}},"50":{"start":{"line":88,"column":19},"end":{"line":88,"column":47}},"51":{"start":{"line":89,"column":10},"end":{"line":89,"column":30}},"52":{"start":{"line":90,"column":10},"end":{"line":90,"column":37}},"53":{"start":{"line":91,"column":10},"end":{"line":91,"column":59}},"54":{"start":{"line":92,"column":10},"end":{"line":92,"column":56}},"55":{"start":{"line":93,"column":10},"end":{"line":93,"column":26}},"56":{"start":{"line":95,"column":10},"end":{"line":95,"column":31}},"57":{"start":{"line":96,"column":10},"end":{"line":96,"column":56}},"58":{"start":{"line":100,"column":6},"end":{"line":100,"column":25}},"59":{"start":{"line":101,"column":6},"end":{"line":101,"column":42}},"60":{"start":{"line":103,"column":6},"end":{"line":103,"column":24}},"61":{"start":{"line":107,"column":2},"end":{"line":192,"column":4}},"62":{"start":{"line":122,"column":37},"end":{"line":122,"column":60}},"63":{"start":{"line":134,"column":37},"end":{"line":134,"column":61}},"64":{"start":{"line":145,"column":37},"end":{"line":145,"column":64}},"65":{"start":{"line":171,"column":37},"end":{"line":171,"column":63}}},"fnMap":{"0":{"name":"(anonymous_0)","decl":{"start":{"line":8,"column":16},"end":{"line":8,"column":17}},"loc":{"start":{"line":8,"column":22},"end":{"line":193,"column":1}},"line":8},"1":{"name":"(anonymous_1)","decl":{"start":{"line":18,"column":12},"end":{"line":18,"column":13}},"loc":{"start":{"line":18,"column":18},"end":{"line":24,"column":3}},"line":18},"2":{"name":"(anonymous_2)","decl":{"start":{"line":26,"column":21},"end":{"line":26,"column":22}},"loc":{"start":{"line":26,"column":27},"end":{"line":34,"column":3}},"line":26},"3":{"name":"(anonymous_3)","decl":{"start":{"line":36,"column":25},"end":{"line":36,"column":26}},"loc":{"start":{"line":36,"column":31},"end":{"line":38,"column":3}},"line":36},"4":{"name":"(anonymous_4)","decl":{"start":{"line":40,"column":28},"end":{"line":40,"column":29}},"loc":{"start":{"line":40,"column":35},"end":{"line":54,"column":3}},"line":40},"5":{"name":"(anonymous_5)","decl":{"start":{"line":56,"column":23},"end":{"line":56,"column":24}},"loc":{"start":{"line":56,"column":36},"end":{"line":105,"column":3}},"line":56},"6":{"name":"(anonymous_6)","decl":{"start":{"line":122,"column":30},"end":{"line":122,"column":31}},"loc":{"start":{"line":122,"column":37},"end":{"line":122,"column":60}},"line":122},"7":{"name":"(anonymous_7)","decl":{"start":{"line":134,"column":30},"end":{"line":134,"column":31}},"loc":{"start":{"line":134,"column":37},"end":{"line":134,"column":61}},"line":134},"8":{"name":"(anonymous_8)","decl":{"start":{"line":145,"column":30},"end":{"line":145,"column":31}},"loc":{"start":{"line":145,"column":37},"end":{"line":145,"column":64}},"line":145},"9":{"name":"(anonymous_9)","decl":{"start":{"line":171,"column":30},"end":{"line":171,"column":31}},"loc":{"start":{"line":171,"column":37},"end":{"line":171,"column":63}},"line":171}},"branchMap":{"0":{"loc":{"start":{"line":19,"column":44},"end":{"line":19,"column":60}},"type":"binary-expr","locations":[{"start":{"line":19,"column":44},"end":{"line":19,"column":54}},{"start":{"line":19,"column":58},"end":{"line":19,"column":60}}],"line":19},"1":{"loc":{"start":{"line":20,"column":12},"end":{"line":20,"column":22}},"type":"binary-expr","locations":[{"start":{"line":20,"column":12},"end":{"line":20,"column":16}},{"start":{"line":20,"column":20},"end":{"line":20,"column":22}}],"line":20},"2":{"loc":{"start":{"line":21,"column":13},"end":{"line":21,"column":24}},"type":"binary-expr","locations":[{"start":{"line":21,"column":13},"end":{"line":21,"column":18}},{"start":{"line":21,"column":22},"end":{"line":21,"column":24}}],"line":21},"3":{"loc":{"start":{"line":22,"column":13},"end":{"line":22,"column":24}},"type":"binary-expr","locations":[{"start":{"line":22,"column":13},"end":{"line":22,"column":18}},{"start":{"line":22,"column":22},"end":{"line":22,"column":24}}],"line":22},"4":{"loc":{"start":{"line":23,"column":15},"end":{"line":23,"column":28}},"type":"binary-expr","locations":[{"start":{"line":23,"column":15},"end":{"line":23,"column":22}},{"start":{"line":23,"column":26},"end":{"line":23,"column":28}}],"line":23},"5":{"loc":{"start":{"line":27,"column":71},"end":{"line":27,"column":87}},"type":"binary-expr","locations":[{"start":{"line":27,"column":71},"end":{"line":27,"column":81}},{"start":{"line":27,"column":85},"end":{"line":27,"column":87}}],"line":27},"6":{"loc":{"start":{"line":29,"column":6},"end":{"line":32,"column":21}},"type":"binary-expr","locations":[{"start":{"line":29,"column":6},"end":{"line":29,"column":23}},{"start":{"line":30,"column":6},"end":{"line":30,"column":25}},{"start":{"line":31,"column":6},"end":{"line":31,"column":29}},{"start":{"line":32,"column":6},"end":{"line":32,"column":21}}],"line":29},"7":{"loc":{"start":{"line":37,"column":11},"end":{"line":37,"column":38}},"type":"binary-expr","locations":[{"start":{"line":37,"column":11},"end":{"line":37,"column":16}},{"start":{"line":37,"column":20},"end":{"line":37,"column":26}},{"start":{"line":37,"column":30},"end":{"line":37,"column":38}}],"line":37},"8":{"loc":{"start":{"line":45,"column":4},"end":{"line":53,"column":5}},"type":"if","locations":[{"start":{"line":45,"column":4},"end":{"line":53,"column":5}},{"start":{"line":51,"column":11},"end":{"line":53,"column":5}}],"line":45},"9":{"loc":{"start":{"line":45,"column":8},"end":{"line":45,"column":43}},"type":"binary-expr","locations":[{"start":{"line":45,"column":8},"end":{"line":45,"column":20}},{"start":{"line":45,"column":24},"end":{"line":45,"column":43}}],"line":45},"10":{"loc":{"start":{"line":46,"column":6},"end":{"line":50,"column":7}},"type":"if","locations":[{"start":{"line":46,"column":6},"end":{"line":50,"column":7}},{"start":{"line":48,"column":13},"end":{"line":50,"column":7}}],"line":46},"11":{"loc":{"start":{"line":59,"column":4},"end":{"line":66,"column":5}},"type":"if","locations":[{"start":{"line":59,"column":4},"end":{"line":66,"column":5}},{"start":{},"end":{}}],"line":59},"12":{"loc":{"start":{"line":61,"column":73},"end":{"line":61,"column":89}},"type":"binary-expr","locations":[{"start":{"line":61,"column":73},"end":{"line":61,"column":83}},{"start":{"line":61,"column":87},"end":{"line":61,"column":89}}],"line":61},"13":{"loc":{"start":{"line":62,"column":6},"end":{"line":62,"column":41}},"type":"if","locations":[{"start":{"line":62,"column":6},"end":{"line":62,"column":41}},{"start":{},"end":{}}],"line":62},"14":{"loc":{"start":{"line":62,"column":25},"end":{"line":62,"column":39}},"type":"binary-expr","locations":[{"start":{"line":62,"column":25},"end":{"line":62,"column":33}},{"start":{"line":62,"column":37},"end":{"line":62,"column":39}}],"line":62},"15":{"loc":{"start":{"line":63,"column":6},"end":{"line":63,"column":44}},"type":"if","locations":[{"start":{"line":63,"column":6},"end":{"line":63,"column":44}},{"start":{},"end":{}}],"line":63},"16":{"loc":{"start":{"line":63,"column":27},"end":{"line":63,"column":42}},"type":"binary-expr","locations":[{"start":{"line":63,"column":27},"end":{"line":63,"column":36}},{"start":{"line":63,"column":40},"end":{"line":63,"column":42}}],"line":63},"17":{"loc":{"start":{"line":64,"column":6},"end":{"line":64,"column":50}},"type":"if","locations":[{"start":{"line":64,"column":6},"end":{"line":64,"column":50}},{"start":{},"end":{}}],"line":64},"18":{"loc":{"start":{"line":64,"column":31},"end":{"line":64,"column":48}},"type":"binary-expr","locations":[{"start":{"line":64,"column":31},"end":{"line":64,"column":42}},{"start":{"line":64,"column":46},"end":{"line":64,"column":48}}],"line":64},"19":{"loc":{"start":{"line":68,"column":4},"end":{"line":71,"column":5}},"type":"if","locations":[{"start":{"line":68,"column":4},"end":{"line":71,"column":5}},{"start":{},"end":{}}],"line":68},"20":{"loc":{"start":{"line":83,"column":6},"end":{"line":98,"column":7}},"type":"if","locations":[{"start":{"line":83,"column":6},"end":{"line":98,"column":7}},{"start":{"line":85,"column":13},"end":{"line":98,"column":7}}],"line":83},"21":{"loc":{"start":{"line":156,"column":47},"end":{"line":156,"column":77}},"type":"cond-expr","locations":[{"start":{"line":156,"column":60},"end":{"line":156,"column":72}},{"start":{"line":156,"column":75},"end":{"line":156,"column":77}}],"line":156},"22":{"loc":{"start":{"line":161,"column":19},"end":{"line":165,"column":19}},"type":"binary-expr","locations":[{"start":{"line":161,"column":19},"end":{"line":161,"column":29}},{"start":{"line":162,"column":20},"end":{"line":164,"column":26}}],"line":161},"23":{"loc":{"start":{"line":184,"column":19},"end":{"line":184,"column":53}},"type":"cond-expr","locations":[{"start":{"line":184,"column":29},"end":{"line":184,"column":42}},{"start":{"line":184,"column":45},"end":{"line":184,"column":53}}],"line":184}},"s":{"0":1,"1":101,"2":101,"3":101,"4":101,"5":101,"6":101,"7":101,"8":101,"9":101,"10":27,"11":27,"12":27,"13":27,"14":27,"15":101,"16":10,"17":10,"18":101,"19":16,"20":101,"21":7,"22":7,"23":7,"24":6,"25":5,"26":1,"27":1,"28":101,"29":16,"30":16,"31":6,"32":6,"33":6,"34":2,"35":6,"36":2,"37":6,"38":2,"39":6,"40":10,"41":1,"42":1,"43":9,"44":9,"45":9,"46":8,"47":1,"48":7,"49":7,"50":7,"51":7,"52":6,"53":6,"54":6,"55":6,"56":1,"57":1,"58":1,"59":1,"60":9,"61":101,"62":11,"63":1,"64":2,"65":3},"f":{"0":101,"1":27,"2":10,"3":16,"4":7,"5":16,"6":11,"7":1,"8":2,"9":3},"b":{"0":[27,1],"1":[27,1],"2":[27,1],"3":[27,1],"4":[27,1],"5":[10,0],"6":[10,2,2,2],"7":[16,14,12],"8":[6,1],"9":[7,5],"10":[5,1],"11":[6,10],"12":[6,0],"13":[2,4],"14":[2,0],"15":[2,4],"16":[2,0],"17":[2,4],"18":[2,0],"19":[1,9],"20":[1,7],"21":[2,99],"22":[101,2],"23":[9,92]},"_coverageSchema":"1a1c01bbd47fc00a2c39e90264f33305004495a9","hash":"4866e4107a02d20efc319fb286be310b220ae83e"}
}
