{"/Users/anjali/Documents/NUS/YEAR 4/sem2/cs4218/cs4218-2420-ecom-project-team50/client/src/pages/Auth/Login.js": {"path":"/Users/anjali/Documents/NUS/YEAR 4/sem2/cs4218/cs4218-2420-ecom-project-team50/client/src/pages/Auth/Login.js","statementMap":{"0":{"start":{"line":9,"column":14},"end":{"line":99,"column":1}},"1":{"start":{"line":10,"column":28},"end":{"line":10,"column":40}},"2":{"start":{"line":11,"column":34},"end":{"line":11,"column":46}},"3":{"start":{"line":12,"column":26},"end":{"line":12,"column":35}},"4":{"start":{"line":15,"column":19},"end":{"line":15,"column":32}},"5":{"start":{"line":16,"column":19},"end":{"line":16,"column":32}},"6":{"start":{"line":20,"column":23},"end":{"line":50,"column":3}},"7":{"start":{"line":21,"column":4},"end":{"line":21,"column":23}},"8":{"start":{"line":22,"column":4},"end":{"line":49,"column":5}},"9":{"start":{"line":23,"column":18},"end":{"line":26,"column":8}},"10":{"start":{"line":27,"column":6},"end":{"line":45,"column":7}},"11":{"start":{"line":28,"column":8},"end":{"line":35,"column":13}},"12":{"start":{"line":36,"column":8},"end":{"line":40,"column":11}},"13":{"start":{"line":41,"column":8},"end":{"line":41,"column":63}},"14":{"start":{"line":42,"column":8},"end":{"line":42,"column":40}},"15":{"start":{"line":44,"column":8},"end":{"line":44,"column":38}},"16":{"start":{"line":47,"column":6},"end":{"line":47,"column":25}},"17":{"start":{"line":48,"column":6},"end":{"line":48,"column":42}},"18":{"start":{"line":51,"column":2},"end":{"line":98,"column":4}},"19":{"start":{"line":62,"column":31},"end":{"line":62,"column":55}},"20":{"start":{"line":73,"column":31},"end":{"line":73,"column":58}},"21":{"start":{"line":85,"column":16},"end":{"line":85,"column":45}}},"fnMap":{"0":{"name":"(anonymous_0)","decl":{"start":{"line":9,"column":14},"end":{"line":9,"column":15}},"loc":{"start":{"line":9,"column":20},"end":{"line":99,"column":1}},"line":9},"1":{"name":"(anonymous_1)","decl":{"start":{"line":20,"column":23},"end":{"line":20,"column":24}},"loc":{"start":{"line":20,"column":36},"end":{"line":50,"column":3}},"line":20},"2":{"name":"(anonymous_2)","decl":{"start":{"line":62,"column":24},"end":{"line":62,"column":25}},"loc":{"start":{"line":62,"column":31},"end":{"line":62,"column":55}},"line":62},"3":{"name":"(anonymous_3)","decl":{"start":{"line":73,"column":24},"end":{"line":73,"column":25}},"loc":{"start":{"line":73,"column":31},"end":{"line":73,"column":58}},"line":73},"4":{"name":"(anonymous_4)","decl":{"start":{"line":84,"column":23},"end":{"line":84,"column":24}},"loc":{"start":{"line":84,"column":29},"end":{"line":86,"column":15}},"line":84}},"branchMap":{"0":{"loc":{"start":{"line":27,"column":6},"end":{"line":45,"column":7}},"type":"if","locations":[{"start":{"line":27,"column":6},"end":{"line":45,"column":7}},{"start":{"line":43,"column":13},"end":{"line":45,"column":7}}],"line":27},"1":{"loc":{"start":{"line":27,"column":10},"end":{"line":27,"column":33}},"type":"binary-expr","locations":[{"start":{"line":27,"column":10},"end":{"line":27,"column":13}},{"start":{"line":27,"column":17},"end":{"line":27,"column":33}}],"line":27},"2":{"loc":{"start":{"line":28,"column":22},"end":{"line":28,"column":50}},"type":"binary-expr","locations":[{"start":{"line":28,"column":22},"end":{"line":28,"column":30}},{"start":{"line":28,"column":34},"end":{"line":28,"column":50}}],"line":28},"3":{"loc":{"start":{"line":42,"column":17},"end":{"line":42,"column":38}},"type":"binary-expr","locations":[{"start":{"line":42,"column":17},"end":{"line":42,"column":31}},{"start":{"line":42,"column":35},"end":{"line":42,"column":38}}],"line":42}},"s":{"0":1,"1":11,"2":11,"3":11,"4":11,"5":11,"6":11,"7":2,"8":2,"9":2,"10":1,"11":1,"12":1,"13":1,"14":1,"15":0,"16":1,"17":1,"18":11,"19":3,"20":3,"21":0},"f":{"0":11,"1":2,"2":3,"3":3,"4":0},"b":{"0":[1,0],"1":[1,1],"2":[1,1],"3":[1,1]},"_coverageSchema":"1a1c01bbd47fc00a2c39e90264f33305004495a9","hash":"1fa6aec2b031a9a2fef1fca2fd56c9eac7db60fd"}
,"/Users/anjali/Documents/NUS/YEAR 4/sem2/cs4218/cs4218-2420-ecom-project-team50/client/src/pages/Auth/Register.js": {"path":"/Users/anjali/Documents/NUS/YEAR 4/sem2/cs4218/cs4218-2420-ecom-project-team50/client/src/pages/Auth/Register.js","statementMap":{"0":{"start":{"line":7,"column":17},"end":{"line":132,"column":1}},"1":{"start":{"line":8,"column":26},"end":{"line":8,"column":38}},"2":{"start":{"line":9,"column":28},"end":{"line":9,"column":40}},"3":{"start":{"line":10,"column":34},"end":{"line":10,"column":46}},"4":{"start":{"line":11,"column":28},"end":{"line":11,"column":40}},"5":{"start":{"line":12,"column":32},"end":{"line":12,"column":44}},"6":{"start":{"line":13,"column":24},"end":{"line":13,"column":36}},"7":{"start":{"line":14,"column":30},"end":{"line":14,"column":42}},"8":{"start":{"line":15,"column":19},"end":{"line":15,"column":32}},"9":{"start":{"line":18,"column":23},"end":{"line":40,"column":3}},"10":{"start":{"line":19,"column":4},"end":{"line":19,"column":23}},"11":{"start":{"line":20,"column":4},"end":{"line":39,"column":5}},"12":{"start":{"line":21,"column":18},"end":{"line":29,"column":8}},"13":{"start":{"line":30,"column":6},"end":{"line":35,"column":7}},"14":{"start":{"line":31,"column":8},"end":{"line":31,"column":61}},"15":{"start":{"line":32,"column":8},"end":{"line":32,"column":27}},"16":{"start":{"line":34,"column":8},"end":{"line":34,"column":38}},"17":{"start":{"line":37,"column":6},"end":{"line":37,"column":25}},"18":{"start":{"line":38,"column":6},"end":{"line":38,"column":42}},"19":{"start":{"line":42,"column":2},"end":{"line":131,"column":4}},"20":{"start":{"line":51,"column":31},"end":{"line":51,"column":54}},"21":{"start":{"line":63,"column":31},"end":{"line":63,"column":55}},"22":{"start":{"line":74,"column":31},"end":{"line":74,"column":58}},"23":{"start":{"line":85,"column":31},"end":{"line":85,"column":55}},"24":{"start":{"line":96,"column":31},"end":{"line":96,"column":57}},"25":{"start":{"line":107,"column":31},"end":{"line":107,"column":53}},"26":{"start":{"line":118,"column":31},"end":{"line":118,"column":56}}},"fnMap":{"0":{"name":"(anonymous_0)","decl":{"start":{"line":7,"column":17},"end":{"line":7,"column":18}},"loc":{"start":{"line":7,"column":23},"end":{"line":132,"column":1}},"line":7},"1":{"name":"(anonymous_1)","decl":{"start":{"line":18,"column":23},"end":{"line":18,"column":24}},"loc":{"start":{"line":18,"column":36},"end":{"line":40,"column":3}},"line":18},"2":{"name":"(anonymous_2)","decl":{"start":{"line":51,"column":24},"end":{"line":51,"column":25}},"loc":{"start":{"line":51,"column":31},"end":{"line":51,"column":54}},"line":51},"3":{"name":"(anonymous_3)","decl":{"start":{"line":63,"column":24},"end":{"line":63,"column":25}},"loc":{"start":{"line":63,"column":31},"end":{"line":63,"column":55}},"line":63},"4":{"name":"(anonymous_4)","decl":{"start":{"line":74,"column":24},"end":{"line":74,"column":25}},"loc":{"start":{"line":74,"column":31},"end":{"line":74,"column":58}},"line":74},"5":{"name":"(anonymous_5)","decl":{"start":{"line":85,"column":24},"end":{"line":85,"column":25}},"loc":{"start":{"line":85,"column":31},"end":{"line":85,"column":55}},"line":85},"6":{"name":"(anonymous_6)","decl":{"start":{"line":96,"column":24},"end":{"line":96,"column":25}},"loc":{"start":{"line":96,"column":31},"end":{"line":96,"column":57}},"line":96},"7":{"name":"(anonymous_7)","decl":{"start":{"line":107,"column":24},"end":{"line":107,"column":25}},"loc":{"start":{"line":107,"column":31},"end":{"line":107,"column":53}},"line":107},"8":{"name":"(anonymous_8)","decl":{"start":{"line":118,"column":24},"end":{"line":118,"column":25}},"loc":{"start":{"line":118,"column":31},"end":{"line":118,"column":56}},"line":118}},"branchMap":{"0":{"loc":{"start":{"line":30,"column":6},"end":{"line":35,"column":7}},"type":"if","locations":[{"start":{"line":30,"column":6},"end":{"line":35,"column":7}},{"start":{"line":33,"column":13},"end":{"line":35,"column":7}}],"line":30},"1":{"loc":{"start":{"line":30,"column":10},"end":{"line":30,"column":33}},"type":"binary-expr","locations":[{"start":{"line":30,"column":10},"end":{"line":30,"column":13}},{"start":{"line":30,"column":17},"end":{"line":30,"column":33}}],"line":30}},"s":{"0":1,"1":16,"2":16,"3":16,"4":16,"5":16,"6":16,"7":16,"8":16,"9":16,"10":2,"11":2,"12":2,"13":1,"14":1,"15":1,"16":0,"17":1,"18":1,"19":16,"20":2,"21":2,"22":2,"23":2,"24":2,"25":2,"26":2},"f":{"0":16,"1":2,"2":2,"3":2,"4":2,"5":2,"6":2,"7":2,"8":2},"b":{"0":[1,0],"1":[1,1]},"_coverageSchema":"1a1c01bbd47fc00a2c39e90264f33305004495a9","hash":"2e6b2fa98790d5673c8415407ca1a482c4af6cde"}
,"/Users/anjali/Documents/NUS/YEAR 4/sem2/cs4218/cs4218-2420-ecom-project-team50/client/src/pages/admin/CreateCategory.js": {"path":"/Users/anjali/Documents/NUS/YEAR 4/sem2/cs4218/cs4218-2420-ecom-project-team50/client/src/pages/admin/CreateCategory.js","statementMap":{"0":{"start":{"line":9,"column":23},"end":{"line":198,"column":1}},"1":{"start":{"line":10,"column":38},"end":{"line":10,"column":50}},"2":{"start":{"line":11,"column":26},"end":{"line":11,"column":38}},"3":{"start":{"line":12,"column":32},"end":{"line":12,"column":47}},"4":{"start":{"line":13,"column":34},"end":{"line":13,"column":48}},"5":{"start":{"line":14,"column":40},"end":{"line":14,"column":52}},"6":{"start":{"line":17,"column":25},"end":{"line":21,"column":3}},"7":{"start":{"line":18,"column":4},"end":{"line":20,"column":6}},"8":{"start":{"line":19,"column":20},"end":{"line":19,"column":78}},"9":{"start":{"line":23,"column":23},"end":{"line":53,"column":3}},"10":{"start":{"line":24,"column":4},"end":{"line":24,"column":23}},"11":{"start":{"line":27,"column":4},"end":{"line":30,"column":5}},"12":{"start":{"line":28,"column":6},"end":{"line":28,"column":51}},"13":{"start":{"line":29,"column":6},"end":{"line":29,"column":13}},"14":{"start":{"line":33,"column":4},"end":{"line":37,"column":5}},"15":{"start":{"line":34,"column":6},"end":{"line":34,"column":55}},"16":{"start":{"line":35,"column":6},"end":{"line":35,"column":18}},"17":{"start":{"line":36,"column":6},"end":{"line":36,"column":13}},"18":{"start":{"line":39,"column":4},"end":{"line":52,"column":5}},"19":{"start":{"line":40,"column":23},"end":{"line":42,"column":8}},"20":{"start":{"line":43,"column":6},"end":{"line":49,"column":7}},"21":{"start":{"line":44,"column":8},"end":{"line":44,"column":44}},"22":{"start":{"line":45,"column":8},"end":{"line":45,"column":20}},"23":{"start":{"line":46,"column":8},"end":{"line":46,"column":25}},"24":{"start":{"line":48,"column":8},"end":{"line":48,"column":34}},"25":{"start":{"line":51,"column":6},"end":{"line":51,"column":56}},"26":{"start":{"line":55,"column":25},"end":{"line":66,"column":3}},"27":{"start":{"line":56,"column":4},"end":{"line":65,"column":5}},"28":{"start":{"line":57,"column":23},"end":{"line":57,"column":71}},"29":{"start":{"line":58,"column":6},"end":{"line":62,"column":7}},"30":{"start":{"line":59,"column":8},"end":{"line":59,"column":37}},"31":{"start":{"line":61,"column":8},"end":{"line":61,"column":50}},"32":{"start":{"line":64,"column":6},"end":{"line":64,"column":62}},"33":{"start":{"line":68,"column":2},"end":{"line":70,"column":9}},"34":{"start":{"line":69,"column":4},"end":{"line":69,"column":21}},"35":{"start":{"line":72,"column":23},"end":{"line":111,"column":3}},"36":{"start":{"line":73,"column":4},"end":{"line":73,"column":23}},"37":{"start":{"line":76,"column":4},"end":{"line":81,"column":5}},"38":{"start":{"line":77,"column":6},"end":{"line":77,"column":51}},"39":{"start":{"line":79,"column":6},"end":{"line":79,"column":36}},"40":{"start":{"line":80,"column":6},"end":{"line":80,"column":13}},"41":{"start":{"line":84,"column":4},"end":{"line":92,"column":5}},"42":{"start":{"line":88,"column":6},"end":{"line":88,"column":62}},"43":{"start":{"line":90,"column":6},"end":{"line":90,"column":36}},"44":{"start":{"line":91,"column":6},"end":{"line":91,"column":13}},"45":{"start":{"line":94,"column":4},"end":{"line":110,"column":5}},"46":{"start":{"line":95,"column":23},"end":{"line":98,"column":7}},"47":{"start":{"line":99,"column":6},"end":{"line":107,"column":7}},"48":{"start":{"line":100,"column":8},"end":{"line":100,"column":51}},"49":{"start":{"line":101,"column":8},"end":{"line":101,"column":26}},"50":{"start":{"line":102,"column":8},"end":{"line":102,"column":27}},"51":{"start":{"line":103,"column":8},"end":{"line":103,"column":26}},"52":{"start":{"line":104,"column":8},"end":{"line":104,"column":25}},"53":{"start":{"line":106,"column":8},"end":{"line":106,"column":34}},"54":{"start":{"line":109,"column":6},"end":{"line":109,"column":42}},"55":{"start":{"line":113,"column":23},"end":{"line":127,"column":3}},"56":{"start":{"line":114,"column":4},"end":{"line":126,"column":5}},"57":{"start":{"line":115,"column":23},"end":{"line":117,"column":7}},"58":{"start":{"line":118,"column":6},"end":{"line":123,"column":7}},"59":{"start":{"line":119,"column":8},"end":{"line":119,"column":45}},"60":{"start":{"line":120,"column":8},"end":{"line":120,"column":25}},"61":{"start":{"line":122,"column":8},"end":{"line":122,"column":34}},"62":{"start":{"line":125,"column":6},"end":{"line":125,"column":42}},"63":{"start":{"line":129,"column":2},"end":{"line":197,"column":4}},"64":{"start":{"line":155,"column":20},"end":{"line":177,"column":25}},"65":{"start":{"line":161,"column":28},"end":{"line":161,"column":45}},"66":{"start":{"line":162,"column":28},"end":{"line":162,"column":51}},"67":{"start":{"line":163,"column":28},"end":{"line":163,"column":43}},"68":{"start":{"line":171,"column":28},"end":{"line":171,"column":48}},"69":{"start":{"line":183,"column":30},"end":{"line":183,"column":47}}},"fnMap":{"0":{"name":"(anonymous_0)","decl":{"start":{"line":9,"column":23},"end":{"line":9,"column":24}},"loc":{"start":{"line":9,"column":29},"end":{"line":198,"column":1}},"line":9},"1":{"name":"(anonymous_1)","decl":{"start":{"line":17,"column":25},"end":{"line":17,"column":26}},"loc":{"start":{"line":17,"column":43},"end":{"line":21,"column":3}},"line":17},"2":{"name":"(anonymous_2)","decl":{"start":{"line":19,"column":6},"end":{"line":19,"column":7}},"loc":{"start":{"line":19,"column":20},"end":{"line":19,"column":78}},"line":19},"3":{"name":"(anonymous_3)","decl":{"start":{"line":23,"column":23},"end":{"line":23,"column":24}},"loc":{"start":{"line":23,"column":36},"end":{"line":53,"column":3}},"line":23},"4":{"name":"(anonymous_4)","decl":{"start":{"line":55,"column":25},"end":{"line":55,"column":26}},"loc":{"start":{"line":55,"column":37},"end":{"line":66,"column":3}},"line":55},"5":{"name":"(anonymous_5)","decl":{"start":{"line":68,"column":12},"end":{"line":68,"column":13}},"loc":{"start":{"line":68,"column":18},"end":{"line":70,"column":3}},"line":68},"6":{"name":"(anonymous_6)","decl":{"start":{"line":72,"column":23},"end":{"line":72,"column":24}},"loc":{"start":{"line":72,"column":36},"end":{"line":111,"column":3}},"line":72},"7":{"name":"(anonymous_7)","decl":{"start":{"line":113,"column":23},"end":{"line":113,"column":24}},"loc":{"start":{"line":113,"column":38},"end":{"line":127,"column":3}},"line":113},"8":{"name":"(anonymous_8)","decl":{"start":{"line":154,"column":35},"end":{"line":154,"column":36}},"loc":{"start":{"line":155,"column":20},"end":{"line":177,"column":25}},"line":155},"9":{"name":"(anonymous_9)","decl":{"start":{"line":160,"column":35},"end":{"line":160,"column":36}},"loc":{"start":{"line":160,"column":41},"end":{"line":164,"column":27}},"line":160},"10":{"name":"(anonymous_10)","decl":{"start":{"line":170,"column":35},"end":{"line":170,"column":36}},"loc":{"start":{"line":170,"column":41},"end":{"line":172,"column":27}},"line":170},"11":{"name":"(anonymous_11)","decl":{"start":{"line":183,"column":24},"end":{"line":183,"column":25}},"loc":{"start":{"line":183,"column":30},"end":{"line":183,"column":47}},"line":183}},"branchMap":{"0":{"loc":{"start":{"line":27,"column":4},"end":{"line":30,"column":5}},"type":"if","locations":[{"start":{"line":27,"column":4},"end":{"line":30,"column":5}},{"start":{},"end":{}}],"line":27},"1":{"loc":{"start":{"line":33,"column":4},"end":{"line":37,"column":5}},"type":"if","locations":[{"start":{"line":33,"column":4},"end":{"line":37,"column":5}},{"start":{},"end":{}}],"line":33},"2":{"loc":{"start":{"line":43,"column":6},"end":{"line":49,"column":7}},"type":"if","locations":[{"start":{"line":43,"column":6},"end":{"line":49,"column":7}},{"start":{"line":47,"column":13},"end":{"line":49,"column":7}}],"line":43},"3":{"loc":{"start":{"line":58,"column":6},"end":{"line":62,"column":7}},"type":"if","locations":[{"start":{"line":58,"column":6},"end":{"line":62,"column":7}},{"start":{"line":60,"column":13},"end":{"line":62,"column":7}}],"line":58},"4":{"loc":{"start":{"line":76,"column":4},"end":{"line":81,"column":5}},"type":"if","locations":[{"start":{"line":76,"column":4},"end":{"line":81,"column":5}},{"start":{},"end":{}}],"line":76},"5":{"loc":{"start":{"line":84,"column":4},"end":{"line":92,"column":5}},"type":"if","locations":[{"start":{"line":84,"column":4},"end":{"line":92,"column":5}},{"start":{},"end":{}}],"line":84},"6":{"loc":{"start":{"line":85,"column":6},"end":{"line":86,"column":63}},"type":"binary-expr","locations":[{"start":{"line":85,"column":6},"end":{"line":85,"column":33}},{"start":{"line":86,"column":6},"end":{"line":86,"column":63}}],"line":85},"7":{"loc":{"start":{"line":99,"column":6},"end":{"line":107,"column":7}},"type":"if","locations":[{"start":{"line":99,"column":6},"end":{"line":107,"column":7}},{"start":{"line":105,"column":13},"end":{"line":107,"column":7}}],"line":99},"8":{"loc":{"start":{"line":118,"column":6},"end":{"line":123,"column":7}},"type":"if","locations":[{"start":{"line":118,"column":6},"end":{"line":123,"column":7}},{"start":{"line":121,"column":13},"end":{"line":123,"column":7}}],"line":118}},"s":{"0":1,"1":75,"2":75,"3":75,"4":75,"5":75,"6":75,"7":11,"8":13,"9":75,"10":7,"11":7,"12":2,"13":2,"14":5,"15":2,"16":2,"17":2,"18":3,"19":3,"20":2,"21":1,"22":1,"23":1,"24":1,"25":1,"26":75,"27":26,"28":26,"29":25,"30":24,"31":1,"32":1,"33":75,"34":22,"35":75,"36":8,"37":8,"38":2,"39":2,"40":2,"41":6,"42":2,"43":2,"44":2,"45":4,"46":4,"47":3,"48":2,"49":2,"50":2,"51":2,"52":2,"53":1,"54":1,"55":75,"56":3,"57":3,"58":2,"59":1,"60":1,"61":1,"62":1,"63":75,"64":100,"65":9,"66":9,"67":9,"68":3,"69":1},"f":{"0":75,"1":11,"2":13,"3":7,"4":26,"5":22,"6":8,"7":3,"8":100,"9":9,"10":3,"11":1},"b":{"0":[2,5],"1":[2,3],"2":[1,1],"3":[24,1],"4":[2,6],"5":[2,4],"6":[6,3],"7":[2,1],"8":[1,1]},"_coverageSchema":"1a1c01bbd47fc00a2c39e90264f33305004495a9","hash":"e81348d09a605393016a0e8811cc579b84f36a5f"}
}
