TN:
SF:client/src/pages/CartPage.js
FN:12,(anonymous_0)
FN:21,(anonymous_1)
FN:24,(anonymous_2)
FN:41,(anonymous_3)
FN:44,(anonymous_4)
FN:54,(anonymous_5)
FN:62,(anonymous_6)
FN:67,(anonymous_7)
FN:107,(anonymous_8)
FN:126,(anonymous_9)
FN:146,(anonymous_10)
FN:157,(anonymous_11)
FN:164,(anonymous_12)
FN:187,(anonymous_13)
FNF:14
FNH:13
FNDA:52,(anonymous_0)
FNDA:51,(anonymous_1)
FNDA:43,(anonymous_2)
FNDA:2,(anonymous_3)
FNDA:2,(anonymous_4)
FNDA:13,(anonymous_5)
FNDA:13,(anonymous_6)
FNDA:3,(anonymous_7)
FNDA:43,(anonymous_8)
FNDA:2,(anonymous_9)
FNDA:0,(anonymous_10)
FNDA:1,(anonymous_11)
FNDA:1,(anonymous_12)
FNDA:21,(anonymous_13)
DA:12,1
DA:13,52
DA:14,52
DA:15,52
DA:16,51
DA:17,51
DA:18,51
DA:21,51
DA:22,51
DA:23,51
DA:24,51
DA:26,43
DA:27,35
DA:29,8
DA:31,16
DA:36,35
DA:37,35
DA:41,51
DA:42,2
DA:43,2
DA:44,2
DA:45,2
DA:46,2
DA:47,1
DA:49,1
DA:54,51
DA:55,13
DA:56,13
DA:57,12
DA:59,1
DA:62,51
DA:63,13
DA:67,51
DA:68,3
DA:69,3
DA:70,3
DA:71,1
DA:75,1
DA:76,1
DA:77,1
DA:78,1
DA:79,1
DA:81,1
DA:82,1
DA:85,51
DA:108,43
DA:126,2
DA:146,0
DA:157,1
DA:165,1
DA:187,21
LF:51
LH:50
BRDA:26,0,0,35
BRDA:26,0,1,8
BRDA:26,1,0,43
BRDA:26,1,1,8
BRDA:91,2,0,4
BRDA:91,2,1,47
BRDA:93,3,0,47
BRDA:93,3,1,47
BRDA:95,4,0,43
BRDA:95,4,1,8
BRDA:97,5,0,43
BRDA:97,5,1,0
BRDA:139,6,0,45
BRDA:139,6,1,6
BRDA:154,7,0,2
BRDA:154,7,1,4
BRDA:176,8,0,17
BRDA:176,8,1,34
BRDA:176,9,0,51
BRDA:176,9,1,38
BRDA:176,9,2,36
BRDA:193,10,0,34
BRDA:193,10,1,28
BRDA:193,10,2,20
BRDA:195,11,0,6
BRDA:195,11,1,28
BRF:26
BRH:25
end_of_record
TN:
SF:client/src/pages/Auth/Login.js
FN:9,(anonymous_0)
FN:20,(anonymous_1)
FN:62,(anonymous_2)
FN:73,(anonymous_3)
FN:84,(anonymous_4)
FNF:5
FNH:4
FNDA:11,(anonymous_0)
FNDA:2,(anonymous_1)
FNDA:3,(anonymous_2)
FNDA:3,(anonymous_3)
FNDA:0,(anonymous_4)
DA:9,1
DA:10,11
DA:11,11
DA:12,11
DA:15,11
DA:16,11
DA:20,11
DA:21,2
DA:22,2
DA:23,2
DA:27,1
DA:28,1
DA:36,1
DA:41,1
DA:42,1
DA:44,0
DA:47,1
DA:48,1
DA:51,11
DA:62,3
DA:73,3
DA:85,0
LF:22
LH:20
BRDA:27,0,0,1
BRDA:27,0,1,0
BRDA:27,1,0,1
BRDA:27,1,1,1
BRDA:28,2,0,1
BRDA:28,2,1,1
BRDA:42,3,0,1
BRDA:42,3,1,1
BRF:8
BRH:7
end_of_record
TN:
SF:client/src/pages/Auth/Register.js
FN:7,(anonymous_0)
FN:18,(anonymous_1)
FN:51,(anonymous_2)
FN:63,(anonymous_3)
FN:74,(anonymous_4)
FN:85,(anonymous_5)
FN:96,(anonymous_6)
FN:107,(anonymous_7)
FN:118,(anonymous_8)
FNF:9
FNH:9
FNDA:16,(anonymous_0)
FNDA:2,(anonymous_1)
FNDA:2,(anonymous_2)
FNDA:2,(anonymous_3)
FNDA:2,(anonymous_4)
FNDA:2,(anonymous_5)
FNDA:2,(anonymous_6)
FNDA:2,(anonymous_7)
FNDA:2,(anonymous_8)
DA:7,1
DA:8,16
DA:9,16
DA:10,16
DA:11,16
DA:12,16
DA:13,16
DA:14,16
DA:15,16
DA:18,16
DA:19,2
DA:20,2
DA:21,2
DA:30,1
DA:31,1
DA:32,1
DA:34,0
DA:37,1
DA:38,1
DA:42,16
DA:51,2
DA:63,2
DA:74,2
DA:85,2
DA:96,2
DA:107,2
DA:118,2
LF:27
LH:26
BRDA:30,0,0,1
BRDA:30,0,1,0
BRDA:30,1,0,1
BRDA:30,1,1,1
BRF:4
BRH:3
end_of_record
