TN:
SF:client/src/pages/Auth/Login.js
FN:9,(anonymous_0)
FN:20,(anonymous_1)
FN:62,(anonymous_2)
FN:73,(anonymous_3)
FN:84,(anonymous_4)
FNF:5
FNH:4
FNDA:11,(anonymous_0)
FNDA:2,(anonymous_1)
FNDA:3,(anonymous_2)
FNDA:3,(anonymous_3)
FNDA:0,(anonymous_4)
DA:9,1
DA:10,11
DA:11,11
DA:12,11
DA:15,11
DA:16,11
DA:20,11
DA:21,2
DA:22,2
DA:23,2
DA:27,1
DA:28,1
DA:36,1
DA:41,1
DA:42,1
DA:44,0
DA:47,1
DA:48,1
DA:51,11
DA:62,3
DA:73,3
DA:85,0
LF:22
LH:20
BRDA:27,0,0,1
BRDA:27,0,1,0
BRDA:27,1,0,1
BRDA:27,1,1,1
BRDA:28,2,0,1
BRDA:28,2,1,1
BRDA:42,3,0,1
BRDA:42,3,1,1
BRF:8
BRH:7
end_of_record
TN:
SF:client/src/pages/Auth/Register.js
FN:7,(anonymous_0)
FN:18,(anonymous_1)
FN:51,(anonymous_2)
FN:63,(anonymous_3)
FN:74,(anonymous_4)
FN:85,(anonymous_5)
FN:96,(anonymous_6)
FN:107,(anonymous_7)
FN:118,(anonymous_8)
FNF:9
FNH:9
FNDA:16,(anonymous_0)
FNDA:2,(anonymous_1)
FNDA:2,(anonymous_2)
FNDA:2,(anonymous_3)
FNDA:2,(anonymous_4)
FNDA:2,(anonymous_5)
FNDA:2,(anonymous_6)
FNDA:2,(anonymous_7)
FNDA:2,(anonymous_8)
DA:7,1
DA:8,16
DA:9,16
DA:10,16
DA:11,16
DA:12,16
DA:13,16
DA:14,16
DA:15,16
DA:18,16
DA:19,2
DA:20,2
DA:21,2
DA:30,1
DA:31,1
DA:32,1
DA:34,0
DA:37,1
DA:38,1
DA:42,16
DA:51,2
DA:63,2
DA:74,2
DA:85,2
DA:96,2
DA:107,2
DA:118,2
LF:27
LH:26
BRDA:30,0,0,1
BRDA:30,0,1,0
BRDA:30,1,0,1
BRDA:30,1,1,1
BRF:4
BRH:3
end_of_record
TN:
SF:client/src/pages/user/Profile.js
FN:8,(anonymous_0)
FN:18,(anonymous_1)
FN:26,(anonymous_2)
FN:36,(anonymous_3)
FN:40,(anonymous_4)
FN:56,(anonymous_5)
FN:122,(anonymous_6)
FN:134,(anonymous_7)
FN:145,(anonymous_8)
FN:171,(anonymous_9)
FNF:10
FNH:10
FNDA:101,(anonymous_0)
FNDA:27,(anonymous_1)
FNDA:10,(anonymous_2)
FNDA:16,(anonymous_3)
FNDA:7,(anonymous_4)
FNDA:16,(anonymous_5)
FNDA:11,(anonymous_6)
FNDA:1,(anonymous_7)
FNDA:2,(anonymous_8)
FNDA:3,(anonymous_9)
DA:8,1
DA:9,101
DA:10,101
DA:11,101
DA:12,101
DA:13,101
DA:14,101
DA:15,101
DA:16,101
DA:18,101
DA:19,27
DA:20,27
DA:21,27
DA:22,27
DA:23,27
DA:26,101
DA:27,10
DA:28,10
DA:36,101
DA:37,16
DA:40,101
DA:41,7
DA:43,7
DA:45,7
DA:46,6
DA:47,5
DA:49,1
DA:52,1
DA:56,101
DA:57,16
DA:59,16
DA:60,6
DA:61,6
DA:62,6
DA:63,6
DA:64,6
DA:65,6
DA:68,10
DA:69,1
DA:70,1
DA:73,9
DA:74,9
DA:75,9
DA:83,8
DA:84,1
DA:86,7
DA:87,7
DA:88,7
DA:89,7
DA:90,6
DA:91,6
DA:92,6
DA:93,6
DA:95,1
DA:96,1
DA:100,1
DA:101,1
DA:103,9
DA:107,101
DA:122,11
DA:134,1
DA:145,2
DA:171,3
LF:63
LH:63
BRDA:19,0,0,27
BRDA:19,0,1,1
BRDA:20,1,0,27
BRDA:20,1,1,1
BRDA:21,2,0,27
BRDA:21,2,1,1
BRDA:22,3,0,27
BRDA:22,3,1,1
BRDA:23,4,0,27
BRDA:23,4,1,1
BRDA:27,5,0,10
BRDA:27,5,1,0
BRDA:29,6,0,10
BRDA:29,6,1,2
BRDA:29,6,2,2
BRDA:29,6,3,2
BRDA:37,7,0,16
BRDA:37,7,1,14
BRDA:37,7,2,12
BRDA:45,8,0,6
BRDA:45,8,1,1
BRDA:45,9,0,7
BRDA:45,9,1,5
BRDA:46,10,0,5
BRDA:46,10,1,1
BRDA:59,11,0,6
BRDA:59,11,1,10
BRDA:61,12,0,6
BRDA:61,12,1,0
BRDA:62,13,0,2
BRDA:62,13,1,4
BRDA:62,14,0,2
BRDA:62,14,1,0
BRDA:63,15,0,2
BRDA:63,15,1,4
BRDA:63,16,0,2
BRDA:63,16,1,0
BRDA:64,17,0,2
BRDA:64,17,1,4
BRDA:64,18,0,2
BRDA:64,18,1,0
BRDA:68,19,0,1
BRDA:68,19,1,9
BRDA:83,20,0,1
BRDA:83,20,1,7
BRDA:156,21,0,2
BRDA:156,21,1,99
BRDA:161,22,0,101
BRDA:161,22,1,2
BRDA:184,23,0,9
BRDA:184,23,1,92
BRF:51
BRH:46
end_of_record
